<?xml version="1.0" encoding="UTF-8"?>
<!-- Generated by org.testng.reporters.JUnitXMLReporter -->
<testsuite hostname="QINDW234" ignored="1" name="Search Product" tests="1" failures="0" timestamp="2020-06-11T14:35:16 IST" time="30.936" errors="0">
  <testcase name="Search Product" time="15.629" classname="com.test.flow.SearchFlow"/>
  <testcase name="searchbyMenu" time="0.0" classname="com.test.flow.SearchFlow">
    <ignored/>
  </testcase> <!-- searchbyMenu -->
</testsuite> <!-- Search Product -->
