<?xml version="1.0" encoding="UTF-8"?>
<testng-results skipped="0" failed="0" total="1" passed="1">
  <reporter-output>
  </reporter-output>
  <suite name="Default suite" duration-ms="505" started-at="2020-06-06T07:45:04Z" finished-at="2020-06-06T07:45:04Z">
    <groups>
    </groups>
    <test name="Default test" duration-ms="505" started-at="2020-06-06T07:45:04Z" finished-at="2020-06-06T07:45:04Z">
      <class name="testdataprovider.Controller">
        <test-method status="PASS" signature="driverpage()[pri:0, instance:testdataprovider.Controller@511baa65]" name="driverpage" duration-ms="496" started-at="2020-06-06T13:15:04Z" finished-at="2020-06-06T13:15:04Z">
          <reporter-output>
          </reporter-output>
        </test-method> <!-- driverpage -->
      </class> <!-- testdataprovider.Controller -->
    </test> <!-- Default test -->
  </suite> <!-- Default suite -->
</testng-results>
